1686505421.513271 client started (67617): version 3.3a, socket /tmp/tmux-1000/default, protocol 8
1686505421.513310 on Linux 6.3.6-arch1-1 #1 SMP PREEMPT_DYNAMIC Mon, 05 Jun 2023 15:12:57 +0000
1686505421.513316 using libevent 2.1.12-stable (poll); ncurses 6.4
1686505421.513336 flags are 0x18010000
1686505421.513341 socket is /tmp/tmux-1000/default
1686505421.513357 trying connect
1686505421.513377 connect failed: Connection refused
1686505421.513392 lock file is /tmp/tmux-1000/default.lock
1686505421.513417 flock succeeded
1686505421.513422 got lock (6)
1686505421.513431 trying connect
1686505421.513442 connect failed: Connection refused
1686505421.513827 add peer 0x55e2bf2791a0: 7 ((nil))
1686505421.514339 sending message 100 to peer 0x55e2bf2791a0 (4 bytes)
1686505421.514354 sending message 111 to peer 0x55e2bf2791a0 (8 bytes)
1686505421.514359 sending message 101 to peer 0x55e2bf2791a0 (15 bytes)
1686505421.514364 sending message 109 to peer 0x55e2bf2791a0 (4 bytes)
1686505421.514369 sending message 102 to peer 0x55e2bf2791a0 (11 bytes)
1686505421.514374 sending message 108 to peer 0x55e2bf2791a0 (27 bytes)
1686505421.514379 sending message 112 to peer 0x55e2bf2791a0 (58 bytes)
1686505421.514384 sending message 112 to peer 0x55e2bf2791a0 (5 bytes)
1686505421.514389 sending message 112 to peer 0x55e2bf2791a0 (5 bytes)
1686505421.514394 sending message 112 to peer 0x55e2bf2791a0 (6 bytes)
1686505421.514398 sending message 112 to peer 0x55e2bf2791a0 (6 bytes)
1686505421.514403 sending message 112 to peer 0x55e2bf2791a0 (11 bytes)
1686505421.514407 sending message 112 to peer 0x55e2bf2791a0 (10 bytes)
1686505421.514412 sending message 112 to peer 0x55e2bf2791a0 (13 bytes)
1686505421.514417 sending message 112 to peer 0x55e2bf2791a0 (14 bytes)
1686505421.514421 sending message 112 to peer 0x55e2bf2791a0 (19 bytes)
1686505421.514426 sending message 112 to peer 0x55e2bf2791a0 (11 bytes)
1686505421.514431 sending message 112 to peer 0x55e2bf2791a0 (10 bytes)
1686505421.514435 sending message 112 to peer 0x55e2bf2791a0 (15 bytes)
1686505421.514440 sending message 112 to peer 0x55e2bf2791a0 (21 bytes)
1686505421.514444 sending message 112 to peer 0x55e2bf2791a0 (13 bytes)
1686505421.514449 sending message 112 to peer 0x55e2bf2791a0 (7 bytes)
1686505421.514453 sending message 112 to peer 0x55e2bf2791a0 (13 bytes)
1686505421.514457 sending message 112 to peer 0x55e2bf2791a0 (7 bytes)
1686505421.514462 sending message 112 to peer 0x55e2bf2791a0 (13 bytes)
1686505421.514466 sending message 112 to peer 0x55e2bf2791a0 (9 bytes)
1686505421.514471 sending message 112 to peer 0x55e2bf2791a0 (21 bytes)
1686505421.514475 sending message 112 to peer 0x55e2bf2791a0 (13 bytes)
1686505421.514479 sending message 112 to peer 0x55e2bf2791a0 (9 bytes)
1686505421.514484 sending message 112 to peer 0x55e2bf2791a0 (16 bytes)
1686505421.514488 sending message 112 to peer 0x55e2bf2791a0 (13 bytes)
1686505421.514492 sending message 112 to peer 0x55e2bf2791a0 (9 bytes)
1686505421.514497 sending message 112 to peer 0x55e2bf2791a0 (9 bytes)
1686505421.514501 sending message 112 to peer 0x55e2bf2791a0 (12 bytes)
1686505421.514506 sending message 112 to peer 0x55e2bf2791a0 (8 bytes)
1686505421.514510 sending message 112 to peer 0x55e2bf2791a0 (8 bytes)
1686505421.514514 sending message 112 to peer 0x55e2bf2791a0 (13 bytes)
1686505421.514519 sending message 112 to peer 0x55e2bf2791a0 (7 bytes)
1686505421.514523 sending message 112 to peer 0x55e2bf2791a0 (7 bytes)
1686505421.514528 sending message 112 to peer 0x55e2bf2791a0 (9 bytes)
1686505421.514533 sending message 112 to peer 0x55e2bf2791a0 (9 bytes)
1686505421.514537 sending message 112 to peer 0x55e2bf2791a0 (15 bytes)
1686505421.514542 sending message 112 to peer 0x55e2bf2791a0 (13 bytes)
1686505421.514546 sending message 112 to peer 0x55e2bf2791a0 (12 bytes)
1686505421.514551 sending message 112 to peer 0x55e2bf2791a0 (8 bytes)
1686505421.514556 sending message 112 to peer 0x55e2bf2791a0 (14 bytes)
1686505421.514560 sending message 112 to peer 0x55e2bf2791a0 (11 bytes)
1686505421.514565 sending message 112 to peer 0x55e2bf2791a0 (9 bytes)
1686505421.514583 sending message 112 to peer 0x55e2bf2791a0 (10 bytes)
1686505421.514588 sending message 112 to peer 0x55e2bf2791a0 (10 bytes)
1686505421.514593 sending message 112 to peer 0x55e2bf2791a0 (10 bytes)
1686505421.514598 sending message 112 to peer 0x55e2bf2791a0 (10 bytes)
1686505421.514602 sending message 112 to peer 0x55e2bf2791a0 (11 bytes)
1686505421.514607 sending message 112 to peer 0x55e2bf2791a0 (12 bytes)
1686505421.514611 sending message 112 to peer 0x55e2bf2791a0 (12 bytes)
1686505421.514616 sending message 112 to peer 0x55e2bf2791a0 (12 bytes)
1686505421.514620 sending message 112 to peer 0x55e2bf2791a0 (12 bytes)
1686505421.514625 sending message 112 to peer 0x55e2bf2791a0 (12 bytes)
1686505421.514629 sending message 112 to peer 0x55e2bf2791a0 (11 bytes)
1686505421.514634 sending message 112 to peer 0x55e2bf2791a0 (11 bytes)
1686505421.514638 sending message 112 to peer 0x55e2bf2791a0 (12 bytes)
1686505421.514642 sending message 112 to peer 0x55e2bf2791a0 (12 bytes)
1686505421.514647 sending message 112 to peer 0x55e2bf2791a0 (12 bytes)
1686505421.514651 sending message 112 to peer 0x55e2bf2791a0 (12 bytes)
1686505421.514656 sending message 112 to peer 0x55e2bf2791a0 (12 bytes)
1686505421.514660 sending message 112 to peer 0x55e2bf2791a0 (9 bytes)
1686505421.514665 sending message 112 to peer 0x55e2bf2791a0 (12 bytes)
1686505421.514669 sending message 112 to peer 0x55e2bf2791a0 (13 bytes)
1686505421.514673 sending message 112 to peer 0x55e2bf2791a0 (13 bytes)
1686505421.514678 sending message 112 to peer 0x55e2bf2791a0 (13 bytes)
1686505421.514682 sending message 112 to peer 0x55e2bf2791a0 (13 bytes)
1686505421.514687 sending message 112 to peer 0x55e2bf2791a0 (13 bytes)
1686505421.514691 sending message 112 to peer 0x55e2bf2791a0 (8 bytes)
1686505421.514696 sending message 112 to peer 0x55e2bf2791a0 (11 bytes)
1686505421.514700 sending message 112 to peer 0x55e2bf2791a0 (11 bytes)
1686505421.514704 sending message 112 to peer 0x55e2bf2791a0 (11 bytes)
1686505421.514709 sending message 112 to peer 0x55e2bf2791a0 (12 bytes)
1686505421.514714 sending message 112 to peer 0x55e2bf2791a0 (12 bytes)
1686505421.514718 sending message 112 to peer 0x55e2bf2791a0 (12 bytes)
1686505421.514722 sending message 112 to peer 0x55e2bf2791a0 (12 bytes)
1686505421.514727 sending message 112 to peer 0x55e2bf2791a0 (13 bytes)
1686505421.514732 sending message 112 to peer 0x55e2bf2791a0 (13 bytes)
1686505421.514737 sending message 112 to peer 0x55e2bf2791a0 (13 bytes)
1686505421.514741 sending message 112 to peer 0x55e2bf2791a0 (8 bytes)
1686505421.514746 sending message 112 to peer 0x55e2bf2791a0 (13 bytes)
1686505421.514751 sending message 112 to peer 0x55e2bf2791a0 (13 bytes)
1686505421.514755 sending message 112 to peer 0x55e2bf2791a0 (13 bytes)
1686505421.514760 sending message 112 to peer 0x55e2bf2791a0 (13 bytes)
1686505421.514764 sending message 112 to peer 0x55e2bf2791a0 (13 bytes)
1686505421.514770 sending message 112 to peer 0x55e2bf2791a0 (12 bytes)
1686505421.514774 sending message 112 to peer 0x55e2bf2791a0 (12 bytes)
1686505421.514779 sending message 112 to peer 0x55e2bf2791a0 (12 bytes)
1686505421.514783 sending message 112 to peer 0x55e2bf2791a0 (12 bytes)
1686505421.514788 sending message 112 to peer 0x55e2bf2791a0 (13 bytes)
1686505421.514792 sending message 112 to peer 0x55e2bf2791a0 (8 bytes)
1686505421.514797 sending message 112 to peer 0x55e2bf2791a0 (13 bytes)
1686505421.514801 sending message 112 to peer 0x55e2bf2791a0 (13 bytes)
1686505421.514806 sending message 112 to peer 0x55e2bf2791a0 (13 bytes)
1686505421.514810 sending message 112 to peer 0x55e2bf2791a0 (13 bytes)
1686505421.514815 sending message 112 to peer 0x55e2bf2791a0 (13 bytes)
1686505421.514819 sending message 112 to peer 0x55e2bf2791a0 (13 bytes)
1686505421.514824 sending message 112 to peer 0x55e2bf2791a0 (13 bytes)
1686505421.514829 sending message 112 to peer 0x55e2bf2791a0 (12 bytes)
1686505421.514833 sending message 112 to peer 0x55e2bf2791a0 (12 bytes)
1686505421.514838 sending message 112 to peer 0x55e2bf2791a0 (12 bytes)
1686505421.514850 sending message 112 to peer 0x55e2bf2791a0 (8 bytes)
1686505421.514854 sending message 112 to peer 0x55e2bf2791a0 (12 bytes)
1686505421.514859 sending message 112 to peer 0x55e2bf2791a0 (13 bytes)
1686505421.514863 sending message 112 to peer 0x55e2bf2791a0 (13 bytes)
1686505421.514868 sending message 112 to peer 0x55e2bf2791a0 (13 bytes)
1686505421.514872 sending message 112 to peer 0x55e2bf2791a0 (13 bytes)
1686505421.514878 sending message 112 to peer 0x55e2bf2791a0 (13 bytes)
1686505421.514883 sending message 112 to peer 0x55e2bf2791a0 (13 bytes)
1686505421.514887 sending message 112 to peer 0x55e2bf2791a0 (13 bytes)
1686505421.514905 sending message 112 to peer 0x55e2bf2791a0 (13 bytes)
1686505421.514909 sending message 112 to peer 0x55e2bf2791a0 (12 bytes)
1686505421.514914 sending message 112 to peer 0x55e2bf2791a0 (10 bytes)
1686505421.514918 sending message 112 to peer 0x55e2bf2791a0 (12 bytes)
1686505421.514923 sending message 112 to peer 0x55e2bf2791a0 (12 bytes)
1686505421.514927 sending message 112 to peer 0x55e2bf2791a0 (12 bytes)
1686505421.514932 sending message 112 to peer 0x55e2bf2791a0 (13 bytes)
1686505421.514937 sending message 112 to peer 0x55e2bf2791a0 (13 bytes)
1686505421.514942 sending message 112 to peer 0x55e2bf2791a0 (13 bytes)
1686505421.514947 sending message 112 to peer 0x55e2bf2791a0 (13 bytes)
1686505421.514951 sending message 112 to peer 0x55e2bf2791a0 (13 bytes)
1686505421.514956 sending message 112 to peer 0x55e2bf2791a0 (13 bytes)
1686505421.514960 sending message 112 to peer 0x55e2bf2791a0 (13 bytes)
1686505421.514965 sending message 112 to peer 0x55e2bf2791a0 (10 bytes)
1686505421.514969 sending message 112 to peer 0x55e2bf2791a0 (13 bytes)
1686505421.514974 sending message 112 to peer 0x55e2bf2791a0 (12 bytes)
1686505421.514979 sending message 112 to peer 0x55e2bf2791a0 (12 bytes)
1686505421.514983 sending message 112 to peer 0x55e2bf2791a0 (12 bytes)
1686505421.514988 sending message 112 to peer 0x55e2bf2791a0 (10 bytes)
1686505421.514993 sending message 112 to peer 0x55e2bf2791a0 (10 bytes)
1686505421.514998 sending message 112 to peer 0x55e2bf2791a0 (10 bytes)
1686505421.515003 sending message 112 to peer 0x55e2bf2791a0 (12 bytes)
1686505421.515008 sending message 112 to peer 0x55e2bf2791a0 (13 bytes)
1686505421.515012 sending message 112 to peer 0x55e2bf2791a0 (13 bytes)
1686505421.515018 sending message 112 to peer 0x55e2bf2791a0 (13 bytes)
1686505421.515023 sending message 112 to peer 0x55e2bf2791a0 (13 bytes)
1686505421.515027 sending message 112 to peer 0x55e2bf2791a0 (13 bytes)
1686505421.515031 sending message 112 to peer 0x55e2bf2791a0 (10 bytes)
1686505421.515036 sending message 112 to peer 0x55e2bf2791a0 (11 bytes)
1686505421.515040 sending message 112 to peer 0x55e2bf2791a0 (12 bytes)
1686505421.515045 sending message 112 to peer 0x55e2bf2791a0 (12 bytes)
1686505421.515049 sending message 112 to peer 0x55e2bf2791a0 (12 bytes)
1686505421.515054 sending message 112 to peer 0x55e2bf2791a0 (12 bytes)
1686505421.515058 sending message 112 to peer 0x55e2bf2791a0 (12 bytes)
1686505421.515063 sending message 112 to peer 0x55e2bf2791a0 (11 bytes)
1686505421.515067 sending message 112 to peer 0x55e2bf2791a0 (12 bytes)
1686505421.515073 sending message 112 to peer 0x55e2bf2791a0 (12 bytes)
1686505421.515077 sending message 112 to peer 0x55e2bf2791a0 (13 bytes)
1686505421.515082 sending message 112 to peer 0x55e2bf2791a0 (13 bytes)
1686505421.515087 sending message 112 to peer 0x55e2bf2791a0 (13 bytes)
1686505421.515092 sending message 112 to peer 0x55e2bf2791a0 (13 bytes)
1686505421.515098 sending message 112 to peer 0x55e2bf2791a0 (13 bytes)
1686505421.515103 sending message 112 to peer 0x55e2bf2791a0 (10 bytes)
1686505421.515108 sending message 112 to peer 0x55e2bf2791a0 (9 bytes)
1686505421.515113 sending message 112 to peer 0x55e2bf2791a0 (12 bytes)
1686505421.515119 sending message 112 to peer 0x55e2bf2791a0 (13 bytes)
1686505421.515124 sending message 112 to peer 0x55e2bf2791a0 (13 bytes)
1686505421.515129 sending message 112 to peer 0x55e2bf2791a0 (13 bytes)
1686505421.515139 sending message 112 to peer 0x55e2bf2791a0 (13 bytes)
1686505421.515144 sending message 112 to peer 0x55e2bf2791a0 (13 bytes)
1686505421.515149 sending message 112 to peer 0x55e2bf2791a0 (9 bytes)
1686505421.515154 sending message 112 to peer 0x55e2bf2791a0 (12 bytes)
1686505421.515159 sending message 112 to peer 0x55e2bf2791a0 (13 bytes)
1686505421.515164 sending message 112 to peer 0x55e2bf2791a0 (13 bytes)
1686505421.515169 sending message 112 to peer 0x55e2bf2791a0 (13 bytes)
1686505421.515174 sending message 112 to peer 0x55e2bf2791a0 (13 bytes)
1686505421.515179 sending message 112 to peer 0x55e2bf2791a0 (13 bytes)
1686505421.515184 sending message 112 to peer 0x55e2bf2791a0 (11 bytes)
1686505421.515189 sending message 112 to peer 0x55e2bf2791a0 (12 bytes)
1686505421.515194 sending message 112 to peer 0x55e2bf2791a0 (13 bytes)
1686505421.515199 sending message 112 to peer 0x55e2bf2791a0 (13 bytes)
1686505421.515204 sending message 112 to peer 0x55e2bf2791a0 (13 bytes)
1686505421.515208 sending message 112 to peer 0x55e2bf2791a0 (13 bytes)
1686505421.515212 sending message 112 to peer 0x55e2bf2791a0 (13 bytes)
1686505421.515216 sending message 112 to peer 0x55e2bf2791a0 (11 bytes)
1686505421.515221 sending message 112 to peer 0x55e2bf2791a0 (12 bytes)
1686505421.515225 sending message 112 to peer 0x55e2bf2791a0 (12 bytes)
1686505421.515229 sending message 112 to peer 0x55e2bf2791a0 (12 bytes)
1686505421.515233 sending message 112 to peer 0x55e2bf2791a0 (12 bytes)
1686505421.515237 sending message 112 to peer 0x55e2bf2791a0 (12 bytes)
1686505421.515241 sending message 112 to peer 0x55e2bf2791a0 (21 bytes)
1686505421.515245 sending message 112 to peer 0x55e2bf2791a0 (12 bytes)
1686505421.515249 sending message 112 to peer 0x55e2bf2791a0 (9 bytes)
1686505421.515253 sending message 112 to peer 0x55e2bf2791a0 (6 bytes)
1686505421.515257 sending message 112 to peer 0x55e2bf2791a0 (13 bytes)
1686505421.515261 sending message 112 to peer 0x55e2bf2791a0 (10 bytes)
1686505421.515265 sending message 112 to peer 0x55e2bf2791a0 (24 bytes)
1686505421.515269 sending message 112 to peer 0x55e2bf2791a0 (13 bytes)
1686505421.515273 sending message 112 to peer 0x55e2bf2791a0 (9 bytes)
1686505421.515278 sending message 112 to peer 0x55e2bf2791a0 (70 bytes)
1686505421.515282 sending message 112 to peer 0x55e2bf2791a0 (69 bytes)
1686505421.515286 sending message 112 to peer 0x55e2bf2791a0 (12 bytes)
1686505421.515290 sending message 112 to peer 0x55e2bf2791a0 (10 bytes)
1686505421.515294 sending message 112 to peer 0x55e2bf2791a0 (10 bytes)
1686505421.515298 sending message 112 to peer 0x55e2bf2791a0 (24 bytes)
1686505421.515302 sending message 112 to peer 0x55e2bf2791a0 (13 bytes)
1686505421.515307 sending message 112 to peer 0x55e2bf2791a0 (10 bytes)
1686505421.515311 sending message 112 to peer 0x55e2bf2791a0 (10 bytes)
1686505421.515315 sending message 112 to peer 0x55e2bf2791a0 (10 bytes)
1686505421.515320 sending message 112 to peer 0x55e2bf2791a0 (13 bytes)
1686505421.515324 sending message 112 to peer 0x55e2bf2791a0 (15 bytes)
1686505421.515328 sending message 112 to peer 0x55e2bf2791a0 (5 bytes)
1686505421.515333 sending message 104 to peer 0x55e2bf2791a0 (0 bytes)
1686505421.515338 sending message 110 to peer 0x55e2bf2791a0 (0 bytes)
1686505421.515342 sending message 107 to peer 0x55e2bf2791a0 (4 bytes)
1686505421.515346 sending message 105 to peer 0x55e2bf2791a0 (13 bytes)
1686505421.515350 sending message 105 to peer 0x55e2bf2791a0 (16 bytes)
1686505421.515355 sending message 105 to peer 0x55e2bf2791a0 (19 bytes)
1686505421.515359 sending message 105 to peer 0x55e2bf2791a0 (152 bytes)
1686505421.515363 sending message 105 to peer 0x55e2bf2791a0 (15 bytes)
1686505421.515367 sending message 105 to peer 0x55e2bf2791a0 (20 bytes)
1686505421.515371 sending message 105 to peer 0x55e2bf2791a0 (15 bytes)
1686505421.515375 sending message 105 to peer 0x55e2bf2791a0 (29 bytes)
1686505421.515379 sending message 105 to peer 0x55e2bf2791a0 (18 bytes)
1686505421.515383 sending message 105 to peer 0x55e2bf2791a0 (31 bytes)
1686505421.515396 sending message 105 to peer 0x55e2bf2791a0 (54 bytes)
1686505421.515400 sending message 105 to peer 0x55e2bf2791a0 (21 bytes)
1686505421.515405 sending message 105 to peer 0x55e2bf2791a0 (23 bytes)
1686505421.515409 sending message 105 to peer 0x55e2bf2791a0 (35 bytes)
1686505421.515413 sending message 105 to peer 0x55e2bf2791a0 (54 bytes)
1686505421.515417 sending message 105 to peer 0x55e2bf2791a0 (19 bytes)
1686505421.515421 sending message 105 to peer 0x55e2bf2791a0 (8 bytes)
1686505421.515425 sending message 105 to peer 0x55e2bf2791a0 (31 bytes)
1686505421.515429 sending message 105 to peer 0x55e2bf2791a0 (21 bytes)
1686505421.515433 sending message 105 to peer 0x55e2bf2791a0 (50 bytes)
1686505421.515437 sending message 105 to peer 0x55e2bf2791a0 (17 bytes)
1686505421.515442 sending message 105 to peer 0x55e2bf2791a0 (29 bytes)
1686505421.515448 sending message 105 to peer 0x55e2bf2791a0 (11 bytes)
1686505421.515453 sending message 105 to peer 0x55e2bf2791a0 (8 bytes)
1686505421.515457 sending message 105 to peer 0x55e2bf2791a0 (32 bytes)
1686505421.515461 sending message 105 to peer 0x55e2bf2791a0 (1764 bytes)
1686505421.515476 sending message 105 to peer 0x55e2bf2791a0 (26 bytes)
1686505421.515480 sending message 105 to peer 0x55e2bf2791a0 (29 bytes)
1686505421.515484 sending message 105 to peer 0x55e2bf2791a0 (25 bytes)
1686505421.515489 sending message 105 to peer 0x55e2bf2791a0 (10 bytes)
1686505421.515493 sending message 105 to peer 0x55e2bf2791a0 (16 bytes)
1686505421.515497 sending message 106 to peer 0x55e2bf2791a0 (0 bytes)
1686505421.515568 sending message 200 to peer 0x55e2bf2791a0 (4 bytes)
1686505421.515572 client loop enter
1686505421.515590 client_signal: Child exited
1686505421.880328 peer 0x55e2bf2791a0 message 207
1686505421.880338 sending message 208 to peer 0x55e2bf2791a0 (0 bytes)
1686505424.307845 peer 0x55e2bf2791a0 message 203
1686505424.307855 sending message 205 to peer 0x55e2bf2791a0 (0 bytes)
1686505424.308384 peer 0x55e2bf2791a0 message 204
1686505424.308418 client loop exit
