1686505417.427696 client started (67359): version 3.3a, socket /tmp/tmux-1000/default, protocol 8
1686505417.427733 on Linux 6.3.6-arch1-1 #1 SMP PREEMPT_DYNAMIC Mon, 05 Jun 2023 15:12:57 +0000
1686505417.427739 using libevent 2.1.12-stable (poll); ncurses 6.4
1686505417.427759 flags are 0x18010000
1686505417.427764 socket is /tmp/tmux-1000/default
1686505417.427825 trying connect
1686505417.427847 connect failed: Connection refused
1686505417.427861 lock file is /tmp/tmux-1000/default.lock
1686505417.427907 flock succeeded
1686505417.427914 got lock (6)
1686505417.427923 trying connect
1686505417.427935 connect failed: Connection refused
1686505417.428427 add peer 0x55be9376c1a0: 7 ((nil))
1686505417.429013 sending message 100 to peer 0x55be9376c1a0 (4 bytes)
1686505417.429048 sending message 111 to peer 0x55be9376c1a0 (8 bytes)
1686505417.429055 sending message 101 to peer 0x55be9376c1a0 (15 bytes)
1686505417.429059 sending message 109 to peer 0x55be9376c1a0 (4 bytes)
1686505417.429064 sending message 102 to peer 0x55be9376c1a0 (11 bytes)
1686505417.429068 sending message 108 to peer 0x55be9376c1a0 (27 bytes)
1686505417.429072 sending message 112 to peer 0x55be9376c1a0 (58 bytes)
1686505417.429077 sending message 112 to peer 0x55be9376c1a0 (5 bytes)
1686505417.429081 sending message 112 to peer 0x55be9376c1a0 (5 bytes)
1686505417.429085 sending message 112 to peer 0x55be9376c1a0 (6 bytes)
1686505417.429089 sending message 112 to peer 0x55be9376c1a0 (6 bytes)
1686505417.429093 sending message 112 to peer 0x55be9376c1a0 (11 bytes)
1686505417.429097 sending message 112 to peer 0x55be9376c1a0 (10 bytes)
1686505417.429102 sending message 112 to peer 0x55be9376c1a0 (13 bytes)
1686505417.429106 sending message 112 to peer 0x55be9376c1a0 (14 bytes)
1686505417.429110 sending message 112 to peer 0x55be9376c1a0 (19 bytes)
1686505417.429114 sending message 112 to peer 0x55be9376c1a0 (11 bytes)
1686505417.429118 sending message 112 to peer 0x55be9376c1a0 (10 bytes)
1686505417.429122 sending message 112 to peer 0x55be9376c1a0 (15 bytes)
1686505417.429126 sending message 112 to peer 0x55be9376c1a0 (21 bytes)
1686505417.429130 sending message 112 to peer 0x55be9376c1a0 (13 bytes)
1686505417.429134 sending message 112 to peer 0x55be9376c1a0 (7 bytes)
1686505417.429139 sending message 112 to peer 0x55be9376c1a0 (13 bytes)
1686505417.429174 sending message 112 to peer 0x55be9376c1a0 (7 bytes)
1686505417.429180 sending message 112 to peer 0x55be9376c1a0 (13 bytes)
1686505417.429184 sending message 112 to peer 0x55be9376c1a0 (9 bytes)
1686505417.429188 sending message 112 to peer 0x55be9376c1a0 (21 bytes)
1686505417.429192 sending message 112 to peer 0x55be9376c1a0 (13 bytes)
1686505417.429196 sending message 112 to peer 0x55be9376c1a0 (9 bytes)
1686505417.429201 sending message 112 to peer 0x55be9376c1a0 (16 bytes)
1686505417.429205 sending message 112 to peer 0x55be9376c1a0 (13 bytes)
1686505417.429209 sending message 112 to peer 0x55be9376c1a0 (9 bytes)
1686505417.429213 sending message 112 to peer 0x55be9376c1a0 (9 bytes)
1686505417.429217 sending message 112 to peer 0x55be9376c1a0 (12 bytes)
1686505417.429254 sending message 112 to peer 0x55be9376c1a0 (8 bytes)
1686505417.429260 sending message 112 to peer 0x55be9376c1a0 (8 bytes)
1686505417.429282 sending message 112 to peer 0x55be9376c1a0 (13 bytes)
1686505417.429287 sending message 112 to peer 0x55be9376c1a0 (7 bytes)
1686505417.429292 sending message 112 to peer 0x55be9376c1a0 (7 bytes)
1686505417.429296 sending message 112 to peer 0x55be9376c1a0 (9 bytes)
1686505417.429300 sending message 112 to peer 0x55be9376c1a0 (9 bytes)
1686505417.429304 sending message 112 to peer 0x55be9376c1a0 (15 bytes)
1686505417.429308 sending message 112 to peer 0x55be9376c1a0 (13 bytes)
1686505417.429312 sending message 112 to peer 0x55be9376c1a0 (12 bytes)
1686505417.429316 sending message 112 to peer 0x55be9376c1a0 (8 bytes)
1686505417.429320 sending message 112 to peer 0x55be9376c1a0 (14 bytes)
1686505417.429324 sending message 112 to peer 0x55be9376c1a0 (11 bytes)
1686505417.429328 sending message 112 to peer 0x55be9376c1a0 (9 bytes)
1686505417.429345 sending message 112 to peer 0x55be9376c1a0 (10 bytes)
1686505417.429350 sending message 112 to peer 0x55be9376c1a0 (10 bytes)
1686505417.429354 sending message 112 to peer 0x55be9376c1a0 (10 bytes)
1686505417.429358 sending message 112 to peer 0x55be9376c1a0 (10 bytes)
1686505417.429362 sending message 112 to peer 0x55be9376c1a0 (11 bytes)
1686505417.429366 sending message 112 to peer 0x55be9376c1a0 (12 bytes)
1686505417.429370 sending message 112 to peer 0x55be9376c1a0 (12 bytes)
1686505417.429374 sending message 112 to peer 0x55be9376c1a0 (12 bytes)
1686505417.429378 sending message 112 to peer 0x55be9376c1a0 (12 bytes)
1686505417.429391 sending message 112 to peer 0x55be9376c1a0 (12 bytes)
1686505417.429408 sending message 112 to peer 0x55be9376c1a0 (11 bytes)
1686505417.429413 sending message 112 to peer 0x55be9376c1a0 (11 bytes)
1686505417.429417 sending message 112 to peer 0x55be9376c1a0 (12 bytes)
1686505417.429421 sending message 112 to peer 0x55be9376c1a0 (12 bytes)
1686505417.429425 sending message 112 to peer 0x55be9376c1a0 (12 bytes)
1686505417.429429 sending message 112 to peer 0x55be9376c1a0 (12 bytes)
1686505417.429434 sending message 112 to peer 0x55be9376c1a0 (12 bytes)
1686505417.429438 sending message 112 to peer 0x55be9376c1a0 (9 bytes)
1686505417.429442 sending message 112 to peer 0x55be9376c1a0 (12 bytes)
1686505417.429446 sending message 112 to peer 0x55be9376c1a0 (13 bytes)
1686505417.429450 sending message 112 to peer 0x55be9376c1a0 (13 bytes)
1686505417.429454 sending message 112 to peer 0x55be9376c1a0 (13 bytes)
1686505417.429458 sending message 112 to peer 0x55be9376c1a0 (13 bytes)
1686505417.429462 sending message 112 to peer 0x55be9376c1a0 (13 bytes)
1686505417.429466 sending message 112 to peer 0x55be9376c1a0 (8 bytes)
1686505417.429470 sending message 112 to peer 0x55be9376c1a0 (11 bytes)
1686505417.429475 sending message 112 to peer 0x55be9376c1a0 (11 bytes)
1686505417.429479 sending message 112 to peer 0x55be9376c1a0 (11 bytes)
1686505417.429483 sending message 112 to peer 0x55be9376c1a0 (12 bytes)
1686505417.429487 sending message 112 to peer 0x55be9376c1a0 (12 bytes)
1686505417.429491 sending message 112 to peer 0x55be9376c1a0 (12 bytes)
1686505417.429495 sending message 112 to peer 0x55be9376c1a0 (12 bytes)
1686505417.429520 sending message 112 to peer 0x55be9376c1a0 (13 bytes)
1686505417.429525 sending message 112 to peer 0x55be9376c1a0 (13 bytes)
1686505417.429529 sending message 112 to peer 0x55be9376c1a0 (13 bytes)
1686505417.429534 sending message 112 to peer 0x55be9376c1a0 (8 bytes)
1686505417.429538 sending message 112 to peer 0x55be9376c1a0 (13 bytes)
1686505417.429542 sending message 112 to peer 0x55be9376c1a0 (13 bytes)
1686505417.429546 sending message 112 to peer 0x55be9376c1a0 (13 bytes)
1686505417.429550 sending message 112 to peer 0x55be9376c1a0 (13 bytes)
1686505417.429554 sending message 112 to peer 0x55be9376c1a0 (13 bytes)
1686505417.429558 sending message 112 to peer 0x55be9376c1a0 (12 bytes)
1686505417.429562 sending message 112 to peer 0x55be9376c1a0 (12 bytes)
1686505417.429567 sending message 112 to peer 0x55be9376c1a0 (12 bytes)
1686505417.429571 sending message 112 to peer 0x55be9376c1a0 (12 bytes)
1686505417.429576 sending message 112 to peer 0x55be9376c1a0 (13 bytes)
1686505417.429580 sending message 112 to peer 0x55be9376c1a0 (8 bytes)
1686505417.429584 sending message 112 to peer 0x55be9376c1a0 (13 bytes)
1686505417.429588 sending message 112 to peer 0x55be9376c1a0 (13 bytes)
1686505417.429592 sending message 112 to peer 0x55be9376c1a0 (13 bytes)
1686505417.429596 sending message 112 to peer 0x55be9376c1a0 (13 bytes)
1686505417.429599 sending message 112 to peer 0x55be9376c1a0 (13 bytes)
1686505417.429603 sending message 112 to peer 0x55be9376c1a0 (13 bytes)
1686505417.429607 sending message 112 to peer 0x55be9376c1a0 (13 bytes)
1686505417.429611 sending message 112 to peer 0x55be9376c1a0 (12 bytes)
1686505417.429615 sending message 112 to peer 0x55be9376c1a0 (12 bytes)
1686505417.429619 sending message 112 to peer 0x55be9376c1a0 (12 bytes)
1686505417.429649 sending message 112 to peer 0x55be9376c1a0 (8 bytes)
1686505417.429653 sending message 112 to peer 0x55be9376c1a0 (12 bytes)
1686505417.429657 sending message 112 to peer 0x55be9376c1a0 (13 bytes)
1686505417.429698 sending message 112 to peer 0x55be9376c1a0 (13 bytes)
1686505417.429712 sending message 112 to peer 0x55be9376c1a0 (13 bytes)
1686505417.429717 sending message 112 to peer 0x55be9376c1a0 (13 bytes)
1686505417.429721 sending message 112 to peer 0x55be9376c1a0 (13 bytes)
1686505417.429753 sending message 112 to peer 0x55be9376c1a0 (13 bytes)
1686505417.429796 sending message 112 to peer 0x55be9376c1a0 (13 bytes)
1686505417.429821 sending message 112 to peer 0x55be9376c1a0 (13 bytes)
1686505417.429864 sending message 112 to peer 0x55be9376c1a0 (12 bytes)
1686505417.429879 sending message 112 to peer 0x55be9376c1a0 (10 bytes)
1686505417.429884 sending message 112 to peer 0x55be9376c1a0 (12 bytes)
1686505417.429888 sending message 112 to peer 0x55be9376c1a0 (12 bytes)
1686505417.429892 sending message 112 to peer 0x55be9376c1a0 (12 bytes)
1686505417.429897 sending message 112 to peer 0x55be9376c1a0 (13 bytes)
1686505417.429901 sending message 112 to peer 0x55be9376c1a0 (13 bytes)
1686505417.429905 sending message 112 to peer 0x55be9376c1a0 (13 bytes)
1686505417.429909 sending message 112 to peer 0x55be9376c1a0 (13 bytes)
1686505417.429914 sending message 112 to peer 0x55be9376c1a0 (13 bytes)
1686505417.429918 sending message 112 to peer 0x55be9376c1a0 (13 bytes)
1686505417.429922 sending message 112 to peer 0x55be9376c1a0 (13 bytes)
1686505417.429926 sending message 112 to peer 0x55be9376c1a0 (10 bytes)
1686505417.429953 sending message 112 to peer 0x55be9376c1a0 (13 bytes)
1686505417.430037 sending message 112 to peer 0x55be9376c1a0 (12 bytes)
1686505417.430100 sending message 112 to peer 0x55be9376c1a0 (12 bytes)
1686505417.430162 sending message 112 to peer 0x55be9376c1a0 (12 bytes)
1686505417.430234 sending message 112 to peer 0x55be9376c1a0 (10 bytes)
1686505417.430306 sending message 112 to peer 0x55be9376c1a0 (10 bytes)
1686505417.430377 sending message 112 to peer 0x55be9376c1a0 (10 bytes)
1686505417.430429 sending message 112 to peer 0x55be9376c1a0 (12 bytes)
1686505417.430435 sending message 112 to peer 0x55be9376c1a0 (13 bytes)
1686505417.430439 sending message 112 to peer 0x55be9376c1a0 (13 bytes)
1686505417.430443 sending message 112 to peer 0x55be9376c1a0 (13 bytes)
1686505417.430448 sending message 112 to peer 0x55be9376c1a0 (13 bytes)
1686505417.430452 sending message 112 to peer 0x55be9376c1a0 (13 bytes)
1686505417.430456 sending message 112 to peer 0x55be9376c1a0 (10 bytes)
1686505417.430460 sending message 112 to peer 0x55be9376c1a0 (11 bytes)
1686505417.430476 sending message 112 to peer 0x55be9376c1a0 (12 bytes)
1686505417.430532 sending message 112 to peer 0x55be9376c1a0 (12 bytes)
1686505417.430604 sending message 112 to peer 0x55be9376c1a0 (12 bytes)
1686505417.430620 sending message 112 to peer 0x55be9376c1a0 (12 bytes)
1686505417.430625 sending message 112 to peer 0x55be9376c1a0 (12 bytes)
1686505417.430629 sending message 112 to peer 0x55be9376c1a0 (11 bytes)
1686505417.430633 sending message 112 to peer 0x55be9376c1a0 (12 bytes)
1686505417.430637 sending message 112 to peer 0x55be9376c1a0 (12 bytes)
1686505417.430642 sending message 112 to peer 0x55be9376c1a0 (13 bytes)
1686505417.430646 sending message 112 to peer 0x55be9376c1a0 (13 bytes)
1686505417.430650 sending message 112 to peer 0x55be9376c1a0 (13 bytes)
1686505417.430654 sending message 112 to peer 0x55be9376c1a0 (13 bytes)
1686505417.430658 sending message 112 to peer 0x55be9376c1a0 (13 bytes)
1686505417.430663 sending message 112 to peer 0x55be9376c1a0 (10 bytes)
1686505417.430667 sending message 112 to peer 0x55be9376c1a0 (9 bytes)
1686505417.430671 sending message 112 to peer 0x55be9376c1a0 (12 bytes)
1686505417.430675 sending message 112 to peer 0x55be9376c1a0 (13 bytes)
1686505417.430679 sending message 112 to peer 0x55be9376c1a0 (13 bytes)
1686505417.430684 sending message 112 to peer 0x55be9376c1a0 (13 bytes)
1686505417.430698 sending message 112 to peer 0x55be9376c1a0 (13 bytes)
1686505417.430702 sending message 112 to peer 0x55be9376c1a0 (13 bytes)
1686505417.430706 sending message 112 to peer 0x55be9376c1a0 (9 bytes)
1686505417.430710 sending message 112 to peer 0x55be9376c1a0 (12 bytes)
1686505417.430715 sending message 112 to peer 0x55be9376c1a0 (13 bytes)
1686505417.430719 sending message 112 to peer 0x55be9376c1a0 (13 bytes)
1686505417.430723 sending message 112 to peer 0x55be9376c1a0 (13 bytes)
1686505417.430727 sending message 112 to peer 0x55be9376c1a0 (13 bytes)
1686505417.430786 sending message 112 to peer 0x55be9376c1a0 (13 bytes)
1686505417.430849 sending message 112 to peer 0x55be9376c1a0 (11 bytes)
1686505417.430922 sending message 112 to peer 0x55be9376c1a0 (12 bytes)
1686505417.430981 sending message 112 to peer 0x55be9376c1a0 (13 bytes)
1686505417.431035 sending message 112 to peer 0x55be9376c1a0 (13 bytes)
1686505417.431087 sending message 112 to peer 0x55be9376c1a0 (13 bytes)
1686505417.431103 sending message 112 to peer 0x55be9376c1a0 (13 bytes)
1686505417.431107 sending message 112 to peer 0x55be9376c1a0 (13 bytes)
1686505417.431112 sending message 112 to peer 0x55be9376c1a0 (11 bytes)
1686505417.431116 sending message 112 to peer 0x55be9376c1a0 (12 bytes)
1686505417.431120 sending message 112 to peer 0x55be9376c1a0 (12 bytes)
1686505417.431124 sending message 112 to peer 0x55be9376c1a0 (12 bytes)
1686505417.431128 sending message 112 to peer 0x55be9376c1a0 (12 bytes)
1686505417.431132 sending message 112 to peer 0x55be9376c1a0 (12 bytes)
1686505417.431137 sending message 112 to peer 0x55be9376c1a0 (21 bytes)
1686505417.431141 sending message 112 to peer 0x55be9376c1a0 (12 bytes)
1686505417.431208 sending message 112 to peer 0x55be9376c1a0 (9 bytes)
1686505417.431261 sending message 112 to peer 0x55be9376c1a0 (6 bytes)
1686505417.431278 sending message 112 to peer 0x55be9376c1a0 (13 bytes)
1686505417.431332 sending message 112 to peer 0x55be9376c1a0 (10 bytes)
1686505417.431337 sending message 112 to peer 0x55be9376c1a0 (24 bytes)
1686505417.431341 sending message 112 to peer 0x55be9376c1a0 (13 bytes)
1686505417.431345 sending message 112 to peer 0x55be9376c1a0 (9 bytes)
1686505417.431350 sending message 112 to peer 0x55be9376c1a0 (70 bytes)
1686505417.431354 sending message 112 to peer 0x55be9376c1a0 (69 bytes)
1686505417.431358 sending message 112 to peer 0x55be9376c1a0 (12 bytes)
1686505417.431362 sending message 112 to peer 0x55be9376c1a0 (10 bytes)
1686505417.431367 sending message 112 to peer 0x55be9376c1a0 (10 bytes)
1686505417.431371 sending message 112 to peer 0x55be9376c1a0 (24 bytes)
1686505417.431375 sending message 112 to peer 0x55be9376c1a0 (13 bytes)
1686505417.431379 sending message 112 to peer 0x55be9376c1a0 (10 bytes)
1686505417.431383 sending message 112 to peer 0x55be9376c1a0 (10 bytes)
1686505417.431387 sending message 112 to peer 0x55be9376c1a0 (10 bytes)
1686505417.431391 sending message 112 to peer 0x55be9376c1a0 (13 bytes)
1686505417.431395 sending message 112 to peer 0x55be9376c1a0 (15 bytes)
1686505417.431400 sending message 112 to peer 0x55be9376c1a0 (5 bytes)
1686505417.431405 sending message 104 to peer 0x55be9376c1a0 (0 bytes)
1686505417.431409 sending message 110 to peer 0x55be9376c1a0 (0 bytes)
1686505417.431414 sending message 107 to peer 0x55be9376c1a0 (4 bytes)
1686505417.431418 sending message 105 to peer 0x55be9376c1a0 (13 bytes)
1686505417.431423 sending message 105 to peer 0x55be9376c1a0 (16 bytes)
1686505417.431427 sending message 105 to peer 0x55be9376c1a0 (19 bytes)
1686505417.431431 sending message 105 to peer 0x55be9376c1a0 (152 bytes)
1686505417.431435 sending message 105 to peer 0x55be9376c1a0 (15 bytes)
1686505417.431439 sending message 105 to peer 0x55be9376c1a0 (20 bytes)
1686505417.431443 sending message 105 to peer 0x55be9376c1a0 (15 bytes)
1686505417.431448 sending message 105 to peer 0x55be9376c1a0 (29 bytes)
1686505417.431452 sending message 105 to peer 0x55be9376c1a0 (18 bytes)
1686505417.431456 sending message 105 to peer 0x55be9376c1a0 (31 bytes)
1686505417.431470 sending message 105 to peer 0x55be9376c1a0 (54 bytes)
1686505417.431474 sending message 105 to peer 0x55be9376c1a0 (21 bytes)
1686505417.431478 sending message 105 to peer 0x55be9376c1a0 (23 bytes)
1686505417.431482 sending message 105 to peer 0x55be9376c1a0 (35 bytes)
1686505417.431486 sending message 105 to peer 0x55be9376c1a0 (54 bytes)
1686505417.431490 sending message 105 to peer 0x55be9376c1a0 (19 bytes)
1686505417.431494 sending message 105 to peer 0x55be9376c1a0 (8 bytes)
1686505417.431498 sending message 105 to peer 0x55be9376c1a0 (31 bytes)
1686505417.431502 sending message 105 to peer 0x55be9376c1a0 (21 bytes)
1686505417.431505 sending message 105 to peer 0x55be9376c1a0 (50 bytes)
1686505417.431509 sending message 105 to peer 0x55be9376c1a0 (17 bytes)
1686505417.431513 sending message 105 to peer 0x55be9376c1a0 (29 bytes)
1686505417.431526 sending message 105 to peer 0x55be9376c1a0 (11 bytes)
1686505417.431531 sending message 105 to peer 0x55be9376c1a0 (8 bytes)
1686505417.431534 sending message 105 to peer 0x55be9376c1a0 (32 bytes)
1686505417.431539 sending message 105 to peer 0x55be9376c1a0 (1764 bytes)
1686505417.431557 sending message 105 to peer 0x55be9376c1a0 (26 bytes)
1686505417.431561 sending message 105 to peer 0x55be9376c1a0 (29 bytes)
1686505417.431565 sending message 105 to peer 0x55be9376c1a0 (25 bytes)
1686505417.431568 sending message 105 to peer 0x55be9376c1a0 (10 bytes)
1686505417.431572 sending message 105 to peer 0x55be9376c1a0 (16 bytes)
1686505417.431576 sending message 106 to peer 0x55be9376c1a0 (0 bytes)
1686505417.431651 sending message 200 to peer 0x55be9376c1a0 (4 bytes)
1686505417.431656 client loop enter
1686505417.432126 client_signal: Child exited
1686505417.787881 peer 0x55be9376c1a0 message 207
1686505417.787891 sending message 208 to peer 0x55be9376c1a0 (0 bytes)
1686505420.021835 peer 0x55be9376c1a0 message 203
1686505420.021845 sending message 205 to peer 0x55be9376c1a0 (0 bytes)
1686505420.022119 peer 0x55be9376c1a0 message 204
1686505420.022125 client loop exit
